{"logTime": "0926/174936", "correlationVector":"Va0+8aFe8M+qtAwBu1V5Zq.0","action":"FeedSettingFetch_homeCloud", "result":"0", "context":{}}
{"logTime": "0926/174936", "correlationVector":"A0x1gczRAi6TyOuxCBN9Bw.1","action":"SyncServerConnectionManagerRequest", "result":"SYNC_SERVER_OK", "context":{"environment":"Prod_EastUS2_000e", "migrationStage":"NotStarted", "server":"GENERAL0100000F"}}
{"logTime": "0926/174936", "correlationVector":"A0x1gczRAi6TyOuxCBN9Bw","action":"Initial GetUpdates", "result":"", "context":Reason: NEW_CLIENT. cV=A0x1gczRAi6TyOuxCBN9Bw}
{"logTime": "0926/174936", "correlationVector":"A0x1gczRAi6TyOuxCBN9Bw.2","action":"GetUpdates Response", "result":"SYNCER_OK", "context":Received 1 update(s). cV=A0x1gczRAi6TyOuxCBN9Bw.0;server=GENERAL0100000F;cloudType=Consumer;environment=Prod_EastUS2_000e;migrationStage=NotStarted}
{"logTime": "0926/174952", "correlationVector":"LbkZdrujYesLns9MxQ5oIB","action":"SyncServerConnectionManagerRequest", "result":"SYNC_SERVER_OK", "context":{"environment":"", "migrationStage":"", "server":""}}
{"logTime": "0926/174952", "correlationVector":"hSfLVMTffb5nhZNN1XCI02","action":"Normal GetUpdate request", "result":"", "context":cV=hSfLVMTffb5nhZNN1XCI02
Refresh requested types: Encryption Keys}
{"logTime": "0926/174953", "correlationVector":"hSfLVMTffb5nhZNN1XCI02.1","action":"SyncServerConnectionManagerRequest", "result":"SYNC_SERVER_OK", "context":{"environment":"Prod_EastUS2_000e", "migrationStage":"NotStarted", "server":"GENERAL01000027"}}
{"logTime": "0926/174953", "correlationVector":"hSfLVMTffb5nhZNN1XCI02.2","action":"GetUpdates Response", "result":"SYNCER_OK", "context":Received 0 update(s). cV=hSfLVMTffb5nhZNN1XCI02.0;server=GENERAL01000027;cloudType=Consumer;environment=Prod_EastUS2_000e;migrationStage=NotStarted}
{"logTime": "0926/174953", "correlationVector":"y7HUTKOgFptzN8PUeVZLXq","action":"Normal GetUpdate request", "result":"", "context":cV=y7HUTKOgFptzN8PUeVZLXq
Refresh requested types: Encryption Keys}
{"logTime": "0926/174953", "correlationVector":"y7HUTKOgFptzN8PUeVZLXq.1","action":"SyncServerConnectionManagerRequest", "result":"SYNC_SERVER_OK", "context":{"environment":"Prod_EastUS2_000e", "migrationStage":"NotStarted", "server":"GENERAL01000014"}}
{"logTime": "0926/174953", "correlationVector":"y7HUTKOgFptzN8PUeVZLXq.2","action":"GetUpdates Response", "result":"SYNCER_OK", "context":Received 0 update(s). cV=y7HUTKOgFptzN8PUeVZLXq.0;server=GENERAL01000014;cloudType=Consumer;environment=Prod_EastUS2_000e;migrationStage=NotStarted}
{"logTime": "0926/181339", "correlationVector":"pKpvscOA1lhI6ujJb7LGiA.0","action":"FeedSettingFetch_homeCloud", "result":"0", "context":{}}
{"logTime": "0926/181339", "correlationVector":"pvApTmyN8mF6lYHxu64nPp.1","action":"SyncServerConnectionManagerRequest", "result":"SYNC_SERVER_OK", "context":{"environment":"Prod_EastUS2_000e", "migrationStage":"NotStarted", "server":"GENERAL0100001V"}}
{"logTime": "0926/181339", "correlationVector":"pvApTmyN8mF6lYHxu64nPp","action":"Initial GetUpdates", "result":"", "context":Reason: NEW_CLIENT. cV=pvApTmyN8mF6lYHxu64nPp}
{"logTime": "0926/181339", "correlationVector":"pvApTmyN8mF6lYHxu64nPp.2","action":"GetUpdates Response", "result":"SYNCER_OK", "context":Received 1 update(s). cV=pvApTmyN8mF6lYHxu64nPp.0;server=GENERAL0100001V;cloudType=Consumer;environment=Prod_EastUS2_000e;migrationStage=NotStarted}
{"logTime": "0926/181339", "correlationVector":"srq8zZYrPpF0ca1tlD6zsl","action":"Normal GetUpdate request", "result":"", "context":cV=srq8zZYrPpF0ca1tlD6zsl
Refresh requested types: Encryption Keys}
{"logTime": "0926/181339", "correlationVector":"srq8zZYrPpF0ca1tlD6zsl.1","action":"SyncServerConnectionManagerRequest", "result":"SYNC_SERVER_OK", "context":{"environment":"Prod_EastUS2_000e", "migrationStage":"NotStarted", "server":"GENERAL01000033"}}
{"logTime": "0926/181339", "correlationVector":"srq8zZYrPpF0ca1tlD6zsl.2","action":"GetUpdates Response", "result":"SYNCER_OK", "context":Received 0 update(s). cV=srq8zZYrPpF0ca1tlD6zsl.0;server=GENERAL01000033;cloudType=Consumer;environment=Prod_EastUS2_000e;migrationStage=NotStarted}
{"logTime": "0927/035742", "correlationVector":"zPzgynwlRhNgPi1NATIzff.0","action":"FeedSettingFetch_homeCloud", "result":"0", "context":{}}
{"logTime": "0927/035742", "correlationVector":"0oBR9BZw1/rclrO7rF5/w3.1","action":"SyncServerConnectionManagerRequest", "result":"SYNC_SERVER_OK", "context":{"environment":"Prod_EastUS_000w", "migrationStage":"NotStarted", "server":"GENERAL0100001C"}}
{"logTime": "0927/035742", "correlationVector":"0oBR9BZw1/rclrO7rF5/w3","action":"Initial GetUpdates", "result":"", "context":Reason: NEW_CLIENT. cV=0oBR9BZw1/rclrO7rF5/w3}
{"logTime": "0927/035742", "correlationVector":"0oBR9BZw1/rclrO7rF5/w3.2","action":"GetUpdates Response", "result":"SYNCER_OK", "context":Received 1 update(s). cV=0oBR9BZw1/rclrO7rF5/w3.0;server=GENERAL0100001C;cloudType=Consumer;environment=Prod_EastUS_000w;migrationStage=NotStarted}
{"logTime": "0927/035742", "correlationVector":"Y+I0dY0OSECBuY3frM+0Au","action":"Initial GetUpdates", "result":"", "context":Reason: PROGRAMMATIC. cV=Y+I0dY0OSECBuY3frM+0Au}
{"logTime": "0927/035742", "correlationVector":"Y+I0dY0OSECBuY3frM+0Au.1","action":"SyncServerConnectionManagerRequest", "result":"SYNC_SERVER_OK", "context":{"environment":"Prod_EastUS_000w", "migrationStage":"NotStarted", "server":"GENERAL0100000C"}}
{"logTime": "0927/035742", "correlationVector":"Y+I0dY0OSECBuY3frM+0Au.2","action":"GetUpdates Response", "result":"SYNCER_OK", "context":Received 7 update(s). cV=Y+I0dY0OSECBuY3frM+0Au.0;server=GENERAL0100000C;cloudType=Consumer;environment=Prod_EastUS_000w;migrationStage=NotStarted}
{"logTime": "0927/035742", "correlationVector":"SV6wZGbPQtJLlHQaHZVGgR","action":"Initial GetUpdates", "result":"", "context":Reason: PROGRAMMATIC. cV=SV6wZGbPQtJLlHQaHZVGgR}
{"logTime": "0927/035742", "correlationVector":"SV6wZGbPQtJLlHQaHZVGgR.1","action":"SyncServerConnectionManagerRequest", "result":"SYNC_SERVER_OK", "context":{"environment":"Prod_EastUS_000w", "migrationStage":"NotStarted", "server":"GENERAL0100000Y"}}
{"logTime": "0927/035742", "correlationVector":"SV6wZGbPQtJLlHQaHZVGgR.2","action":"GetUpdates Response", "result":"SYNCER_OK", "context":Received 71 update(s). cV=SV6wZGbPQtJLlHQaHZVGgR.0;server=GENERAL0100000Y;cloudType=Consumer;environment=Prod_EastUS_000w;migrationStage=NotStarted}
{"logTime": "0927/035742", "correlationVector":"JPvcQPxXa/wsd9PRx5ho3s","action":"SyncServerConnectionManagerRequest", "result":"SYNC_SERVER_OK", "context":{"environment":"", "migrationStage":"", "server":""}}
{"logTime": "0927/035742", "correlationVector":"GorzId8ZxwDKh9g3QQbW84","action":"Normal GetUpdate request", "result":"", "context":cV=GorzId8ZxwDKh9g3QQbW84
Nudged types: Bookmarks
Refresh requested types: Bookmarks, Passwords, Autofill Profiles, Autofill, Autofill Custom Data, Typed URLs, Edge Wallet, Encryption Keys}
{"logTime": "0927/035742", "correlationVector":"GorzId8ZxwDKh9g3QQbW84.1","action":"SyncServerConnectionManagerRequest", "result":"SYNC_SERVER_OK", "context":{"environment":"Prod_EastUS_000w", "migrationStage":"NotStarted", "server":"GENERAL0100000B"}}
{"logTime": "0927/035742", "correlationVector":"GorzId8ZxwDKh9g3QQbW84.2","action":"GetUpdates Response", "result":"SYNCER_OK", "context":Received 0 update(s). cV=GorzId8ZxwDKh9g3QQbW84.0;server=GENERAL0100000B;cloudType=Consumer;environment=Prod_EastUS_000w;migrationStage=NotStarted}
{"logTime": "0927/035742", "correlationVector":"4QFdhfVHb80806yzOkGD+d","action":"Commit Request", "result":"", "context":Item count: 2
Contributing types: Bookmarks}
{"logTime": "0927/035742", "correlationVector":"4QFdhfVHb80806yzOkGD+d.1","action":"SyncServerConnectionManagerRequest", "result":"SYNC_SERVER_OK", "context":{"environment":"Prod_EastUS_000w", "migrationStage":"NotStarted", "server":"GENERAL0100001B"}}
{"logTime": "0927/035742", "correlationVector":"4QFdhfVHb80806yzOkGD+d.2","action":"Commit Response", "result":"SYNCER_OK", "context":Result: SYNCER_OK. cV=4QFdhfVHb80806yzOkGD+d.0;server=GENERAL0100001B;cloudType=Consumer;environment=Prod_EastUS_000w;migrationStage=NotStarted}
{"logTime": "0927/035742", "correlationVector":"AZO32smgIhg8Kp29kqCm6o","action":"Poll GetUpdate request", "result":"", "context":cV=AZO32smgIhg8Kp29kqCm6o}
{"logTime": "0927/035742", "correlationVector":"AZO32smgIhg8Kp29kqCm6o.1","action":"SyncServerConnectionManagerRequest", "result":"SYNC_SERVER_OK", "context":{"environment":"Prod_EastUS_000w", "migrationStage":"NotStarted", "server":"GENERAL01000015"}}
{"logTime": "0927/035742", "correlationVector":"AZO32smgIhg8Kp29kqCm6o.2","action":"GetUpdates Response", "result":"SYNCER_OK", "context":Received 2 update(s). cV=AZO32smgIhg8Kp29kqCm6o.0;server=GENERAL01000015;cloudType=Consumer;environment=Prod_EastUS_000w;migrationStage=NotStarted}
{"logTime": "0927/035742", "correlationVector":"mrGINhRu6w71iE63XWN2Y9","action":"Normal GetUpdate request", "result":"", "context":cV=mrGINhRu6w71iE63XWN2Y9
Refresh requested types: Bookmarks, Passwords, Autofill Profiles, Autofill, Autofill Custom Data, Typed URLs, Edge Wallet, Encryption Keys}
{"logTime": "0927/035742", "correlationVector":"mrGINhRu6w71iE63XWN2Y9.1","action":"SyncServerConnectionManagerRequest", "result":"SYNC_SERVER_OK", "context":{"environment":"Prod_EastUS_000w", "migrationStage":"NotStarted", "server":"GENERAL0100001E"}}
{"logTime": "0927/035742", "correlationVector":"mrGINhRu6w71iE63XWN2Y9.2","action":"GetUpdates Response", "result":"SYNCER_OK", "context":Received 0 update(s). cV=mrGINhRu6w71iE63XWN2Y9.0;server=GENERAL0100001E;cloudType=Consumer;environment=Prod_EastUS_000w;migrationStage=NotStarted}
{"logTime": "0927/041110", "correlationVector":"oo3W5ORAf9Y0/tpbrtU2NW.0","action":"FeedSettingFetch_homeCloud", "result":"0", "context":{}}
{"logTime": "0927/041110", "correlationVector":"Mnfx7rPGuMISBMB67jSf70.1","action":"SyncServerConnectionManagerRequest", "result":"SYNC_SERVER_OK", "context":{"environment":"Prod_EastUS_000w", "migrationStage":"NotStarted", "server":"GENERAL01000001"}}
{"logTime": "0927/041110", "correlationVector":"Mnfx7rPGuMISBMB67jSf70","action":"Initial GetUpdates", "result":"", "context":Reason: NEW_CLIENT. cV=Mnfx7rPGuMISBMB67jSf70}
{"logTime": "0927/041110", "correlationVector":"Mnfx7rPGuMISBMB67jSf70.2","action":"GetUpdates Response", "result":"SYNCER_OK", "context":Received 1 update(s). cV=Mnfx7rPGuMISBMB67jSf70.0;server=GENERAL01000001;cloudType=Consumer;environment=Prod_EastUS_000w;migrationStage=NotStarted}
{"logTime": "0927/041110", "correlationVector":"9aZVB1YEpEdhrQm2f3asFi","action":"Initial GetUpdates", "result":"", "context":Reason: PROGRAMMATIC. cV=9aZVB1YEpEdhrQm2f3asFi}
{"logTime": "0927/041110", "correlationVector":"9aZVB1YEpEdhrQm2f3asFi.1","action":"SyncServerConnectionManagerRequest", "result":"SYNC_SERVER_OK", "context":{"environment":"Prod_EastUS_000w", "migrationStage":"NotStarted", "server":"GENERAL01000017"}}
{"logTime": "0927/041110", "correlationVector":"9aZVB1YEpEdhrQm2f3asFi.2","action":"GetUpdates Response", "result":"SYNCER_OK", "context":Received 30 update(s). cV=9aZVB1YEpEdhrQm2f3asFi.0;server=GENERAL01000017;cloudType=Consumer;environment=Prod_EastUS_000w;migrationStage=NotStarted}
{"logTime": "0927/041110", "correlationVector":"GlohUzYm3krxevI0c0MKap","action":"Normal GetUpdate request", "result":"", "context":cV=GlohUzYm3krxevI0c0MKap
Refresh requested types: Bookmarks, Passwords, Autofill Profiles, Autofill, Autofill Custom Data, Typed URLs, Edge Wallet, Encryption Keys}
{"logTime": "0927/041110", "correlationVector":"GlohUzYm3krxevI0c0MKap.1","action":"SyncServerConnectionManagerRequest", "result":"SYNC_SERVER_OK", "context":{"environment":"Prod_EastUS_000w", "migrationStage":"NotStarted", "server":"GENERAL01000019"}}
{"logTime": "0927/041110", "correlationVector":"GlohUzYm3krxevI0c0MKap.2","action":"GetUpdates Response", "result":"SYNCER_OK", "context":Received 0 update(s). cV=GlohUzYm3krxevI0c0MKap.0;server=GENERAL01000019;cloudType=Consumer;environment=Prod_EastUS_000w;migrationStage=NotStarted}
{"logTime": "0927/175722", "correlationVector":"v+RXMpaZZcgoughPr1tnTw.0","action":"FeedSettingFetch_homeCloud", "result":"0", "context":{}}
{"logTime": "0927/175722", "correlationVector":"soGn63vto5h8cZbXy7j4jC.1","action":"SyncServerConnectionManagerRequest", "result":"SYNC_SERVER_OK", "context":{"environment":"Prod_EastUS_000w", "migrationStage":"NotStarted", "server":"GENERAL01000003"}}
{"logTime": "0927/175722", "correlationVector":"soGn63vto5h8cZbXy7j4jC","action":"Initial GetUpdates", "result":"", "context":Reason: NEW_CLIENT. cV=soGn63vto5h8cZbXy7j4jC}
{"logTime": "0927/175722", "correlationVector":"soGn63vto5h8cZbXy7j4jC.2","action":"GetUpdates Response", "result":"SYNCER_OK", "context":Received 1 update(s). cV=soGn63vto5h8cZbXy7j4jC.0;server=GENERAL01000003;cloudType=Consumer;environment=Prod_EastUS_000w;migrationStage=NotStarted}
{"logTime": "0927/175722", "correlationVector":"8itFtNSdhIoQQ+GEgs0KXQ","action":"Initial GetUpdates", "result":"", "context":Reason: PROGRAMMATIC. cV=8itFtNSdhIoQQ+GEgs0KXQ}
{"logTime": "0927/175722", "correlationVector":"8itFtNSdhIoQQ+GEgs0KXQ.1","action":"SyncServerConnectionManagerRequest", "result":"SYNC_SERVER_OK", "context":{"environment":"Prod_EastUS_000w", "migrationStage":"NotStarted", "server":"GENERAL0100001J"}}
{"logTime": "0927/175722", "correlationVector":"8itFtNSdhIoQQ+GEgs0KXQ.2","action":"GetUpdates Response", "result":"SYNCER_OK", "context":Received 30 update(s). cV=8itFtNSdhIoQQ+GEgs0KXQ.0;server=GENERAL0100001J;cloudType=Consumer;environment=Prod_EastUS_000w;migrationStage=NotStarted}
{"logTime": "0927/175722", "correlationVector":"S2fSarXiXRzxv1O1ijnP14","action":"Normal GetUpdate request", "result":"", "context":cV=S2fSarXiXRzxv1O1ijnP14
Refresh requested types: Bookmarks, Passwords, Autofill Profiles, Autofill, Autofill Custom Data, Typed URLs, Edge Wallet, Encryption Keys}
{"logTime": "0927/175722", "correlationVector":"S2fSarXiXRzxv1O1ijnP14.1","action":"SyncServerConnectionManagerRequest", "result":"SYNC_SERVER_OK", "context":{"environment":"Prod_EastUS_000w", "migrationStage":"NotStarted", "server":"GENERAL0100000F"}}
{"logTime": "0927/175722", "correlationVector":"S2fSarXiXRzxv1O1ijnP14.2","action":"GetUpdates Response", "result":"SYNCER_OK", "context":Received 0 update(s). cV=S2fSarXiXRzxv1O1ijnP14.0;server=GENERAL0100000F;cloudType=Consumer;environment=Prod_EastUS_000w;migrationStage=NotStarted}
{"logTime": "0927/175722", "correlationVector":"7Y1dh0SQPIUiHOABND+KSb","action":"Poll GetUpdate request", "result":"", "context":cV=7Y1dh0SQPIUiHOABND+KSb}
{"logTime": "0927/175722", "correlationVector":"7Y1dh0SQPIUiHOABND+KSb.1","action":"SyncServerConnectionManagerRequest", "result":"SYNC_SERVER_OK", "context":{"environment":"Prod_EastUS_000w", "migrationStage":"NotStarted", "server":"GENERAL0100001G"}}
{"logTime": "0927/175722", "correlationVector":"7Y1dh0SQPIUiHOABND+KSb.2","action":"GetUpdates Response", "result":"SYNCER_OK", "context":Received 0 update(s). cV=7Y1dh0SQPIUiHOABND+KSb.0;server=GENERAL0100001G;cloudType=Consumer;environment=Prod_EastUS_000w;migrationStage=NotStarted}
{"logTime": "0928/025813", "correlationVector":"F2ITCl86RY13Ib0tEMcIte.0","action":"FeedSettingFetch_homeCloud", "result":"0", "context":{}}
{"logTime": "0928/025813", "correlationVector":"PrA2ti4F21LGur+jwcLmQk.1","action":"SyncServerConnectionManagerRequest", "result":"SYNC_SERVER_OK", "context":{"environment":"Prod_EastUS2_000e", "migrationStage":"NotStarted", "server":"GENERAL0100001H"}}
{"logTime": "0928/025813", "correlationVector":"PrA2ti4F21LGur+jwcLmQk","action":"Initial GetUpdates", "result":"", "context":Reason: NEW_CLIENT. cV=PrA2ti4F21LGur+jwcLmQk}
{"logTime": "0928/025813", "correlationVector":"PrA2ti4F21LGur+jwcLmQk.2","action":"GetUpdates Response", "result":"SYNCER_OK", "context":Received 1 update(s). cV=PrA2ti4F21LGur+jwcLmQk.0;server=GENERAL0100001H;cloudType=Consumer;environment=Prod_EastUS2_000e;migrationStage=NotStarted}
{"logTime": "0928/025813", "correlationVector":"iHK9LxCR6vOrVnpIBhXFwD","action":"Initial GetUpdates", "result":"", "context":Reason: PROGRAMMATIC. cV=iHK9LxCR6vOrVnpIBhXFwD}
{"logTime": "0928/025813", "correlationVector":"iHK9LxCR6vOrVnpIBhXFwD.1","action":"SyncServerConnectionManagerRequest", "result":"SYNC_SERVER_OK", "context":{"environment":"Prod_EastUS2_000e", "migrationStage":"NotStarted", "server":"GENERAL01000039"}}
{"logTime": "0928/025813", "correlationVector":"iHK9LxCR6vOrVnpIBhXFwD.2","action":"GetUpdates Response", "result":"SYNCER_OK", "context":Received 30 update(s). cV=iHK9LxCR6vOrVnpIBhXFwD.0;server=GENERAL01000039;cloudType=Consumer;environment=Prod_EastUS2_000e;migrationStage=NotStarted}
{"logTime": "0928/025813", "correlationVector":"Xuburt6MirrMn4pzWzI3vz","action":"Normal GetUpdate request", "result":"", "context":cV=Xuburt6MirrMn4pzWzI3vz
Refresh requested types: Bookmarks, Passwords, Autofill Profiles, Autofill, Autofill Custom Data, Typed URLs, Edge Wallet, Encryption Keys}
{"logTime": "0928/025813", "correlationVector":"Xuburt6MirrMn4pzWzI3vz.1","action":"SyncServerConnectionManagerRequest", "result":"SYNC_SERVER_OK", "context":{"environment":"Prod_EastUS2_000e", "migrationStage":"NotStarted", "server":"GENERAL01000020"}}
{"logTime": "0928/025813", "correlationVector":"Xuburt6MirrMn4pzWzI3vz.2","action":"GetUpdates Response", "result":"SYNCER_OK", "context":Received 0 update(s). cV=Xuburt6MirrMn4pzWzI3vz.0;server=GENERAL01000020;cloudType=Consumer;environment=Prod_EastUS2_000e;migrationStage=NotStarted}
{"logTime": "0928/025813", "correlationVector":"ed9Cafr8RY2GCfdNwKJrEL","action":"Poll GetUpdate request", "result":"", "context":cV=ed9Cafr8RY2GCfdNwKJrEL}
{"logTime": "0928/025813", "correlationVector":"ed9Cafr8RY2GCfdNwKJrEL.1","action":"SyncServerConnectionManagerRequest", "result":"SYNC_SERVER_OK", "context":{"environment":"Prod_EastUS2_000e", "migrationStage":"NotStarted", "server":"GENERAL0100002F"}}
{"logTime": "0928/025813", "correlationVector":"ed9Cafr8RY2GCfdNwKJrEL.2","action":"GetUpdates Response", "result":"SYNCER_OK", "context":Received 0 update(s). cV=ed9Cafr8RY2GCfdNwKJrEL.0;server=GENERAL0100002F;cloudType=Consumer;environment=Prod_EastUS2_000e;migrationStage=NotStarted}
{"logTime": "0928/031810", "correlationVector":"sDwCY3tkTHJxLuajLIG2kR.0","action":"FeedSettingFetch_homeCloud", "result":"0", "context":{}}
{"logTime": "0928/031810", "correlationVector":"PQekuIc0UaoO9ZwdH4aZT9.1","action":"SyncServerConnectionManagerRequest", "result":"SYNC_SERVER_OK", "context":{"environment":"Prod_EastUS2_000e", "migrationStage":"NotStarted", "server":"GENERAL0100000H"}}
{"logTime": "0928/031810", "correlationVector":"PQekuIc0UaoO9ZwdH4aZT9","action":"Initial GetUpdates", "result":"", "context":Reason: NEW_CLIENT. cV=PQekuIc0UaoO9ZwdH4aZT9}
{"logTime": "0928/031810", "correlationVector":"PQekuIc0UaoO9ZwdH4aZT9.2","action":"GetUpdates Response", "result":"SYNCER_OK", "context":Received 1 update(s). cV=PQekuIc0UaoO9ZwdH4aZT9.0;server=GENERAL0100000H;cloudType=Consumer;environment=Prod_EastUS2_000e;migrationStage=NotStarted}
{"logTime": "0928/031810", "correlationVector":"nRBLMWC910Dm5N3jTsdhsm","action":"Initial GetUpdates", "result":"", "context":Reason: PROGRAMMATIC. cV=nRBLMWC910Dm5N3jTsdhsm}
{"logTime": "0928/031810", "correlationVector":"nRBLMWC910Dm5N3jTsdhsm.1","action":"SyncServerConnectionManagerRequest", "result":"SYNC_SERVER_OK", "context":{"environment":"Prod_EastUS2_000e", "migrationStage":"NotStarted", "server":"GENERAL01000035"}}
{"logTime": "0928/031810", "correlationVector":"nRBLMWC910Dm5N3jTsdhsm.2","action":"GetUpdates Response", "result":"SYNCER_OK", "context":Received 30 update(s). cV=nRBLMWC910Dm5N3jTsdhsm.0;server=GENERAL01000035;cloudType=Consumer;environment=Prod_EastUS2_000e;migrationStage=NotStarted}
{"logTime": "0928/031810", "correlationVector":"Xy0Ha/uJTN0LKf+7nOrvwa","action":"Normal GetUpdate request", "result":"", "context":cV=Xy0Ha/uJTN0LKf+7nOrvwa
Refresh requested types: Bookmarks, Passwords, Autofill Profiles, Autofill, Autofill Custom Data, Typed URLs, Edge Wallet, Encryption Keys}
{"logTime": "0928/031810", "correlationVector":"Xy0Ha/uJTN0LKf+7nOrvwa.1","action":"SyncServerConnectionManagerRequest", "result":"SYNC_SERVER_OK", "context":{"environment":"Prod_EastUS2_000e", "migrationStage":"NotStarted", "server":"GENERAL0100000D"}}
{"logTime": "0928/031810", "correlationVector":"Xy0Ha/uJTN0LKf+7nOrvwa.2","action":"GetUpdates Response", "result":"SYNCER_OK", "context":Received 0 update(s). cV=Xy0Ha/uJTN0LKf+7nOrvwa.0;server=GENERAL0100000D;cloudType=Consumer;environment=Prod_EastUS2_000e;migrationStage=NotStarted}
{"logTime": "0928/032836", "correlationVector":"/dkeAGO4A8aMGlK7kBACyh.0","action":"FeedSettingFetch_homeCloud", "result":"0", "context":{}}
{"logTime": "0928/032836", "correlationVector":"4jPTQ1zqRjvTQVE5KvSLHd.1","action":"SyncServerConnectionManagerRequest", "result":"SYNC_SERVER_OK", "context":{"environment":"Prod_EastUS2_000e", "migrationStage":"NotStarted", "server":"GENERAL0100002S"}}
{"logTime": "0928/032836", "correlationVector":"4jPTQ1zqRjvTQVE5KvSLHd","action":"Initial GetUpdates", "result":"", "context":Reason: NEW_CLIENT. cV=4jPTQ1zqRjvTQVE5KvSLHd}
{"logTime": "0928/032836", "correlationVector":"4jPTQ1zqRjvTQVE5KvSLHd.2","action":"GetUpdates Response", "result":"SYNCER_OK", "context":Received 1 update(s). cV=4jPTQ1zqRjvTQVE5KvSLHd.0;server=GENERAL0100002S;cloudType=Consumer;environment=Prod_EastUS2_000e;migrationStage=NotStarted}
{"logTime": "0928/032836", "correlationVector":"znWkTcEKemCwGMuMkL0lQa","action":"Initial GetUpdates", "result":"", "context":Reason: PROGRAMMATIC. cV=znWkTcEKemCwGMuMkL0lQa}
{"logTime": "0928/032836", "correlationVector":"znWkTcEKemCwGMuMkL0lQa.1","action":"SyncServerConnectionManagerRequest", "result":"SYNC_SERVER_OK", "context":{"environment":"Prod_EastUS2_000e", "migrationStage":"NotStarted", "server":"GENERAL0100001T"}}
{"logTime": "0928/032836", "correlationVector":"znWkTcEKemCwGMuMkL0lQa.2","action":"GetUpdates Response", "result":"SYNCER_OK", "context":Received 30 update(s). cV=znWkTcEKemCwGMuMkL0lQa.0;server=GENERAL0100001T;cloudType=Consumer;environment=Prod_EastUS2_000e;migrationStage=NotStarted}
{"logTime": "0928/032836", "correlationVector":"/T7rGYKqLg0TN+8y8TCVov","action":"SyncServerConnectionManagerRequest", "result":"SYNC_SERVER_OK", "context":{"environment":"", "migrationStage":"", "server":""}}
{"logTime": "0928/032836", "correlationVector":"D5HqhPSx+RHKnB85S7Z1dA","action":"Normal GetUpdate request", "result":"", "context":cV=D5HqhPSx+RHKnB85S7Z1dA
Refresh requested types: Bookmarks, Passwords, Autofill Profiles, Autofill, Autofill Custom Data, Typed URLs, Edge Wallet, Encryption Keys}
{"logTime": "0928/032836", "correlationVector":"D5HqhPSx+RHKnB85S7Z1dA.1","action":"SyncServerConnectionManagerRequest", "result":"SYNC_SERVER_OK", "context":{"environment":"Prod_EastUS2_000e", "migrationStage":"NotStarted", "server":"GENERAL0100002H"}}
{"logTime": "0928/032836", "correlationVector":"D5HqhPSx+RHKnB85S7Z1dA.2","action":"GetUpdates Response", "result":"SYNCER_OK", "context":Received 0 update(s). cV=D5HqhPSx+RHKnB85S7Z1dA.0;server=GENERAL0100002H;cloudType=Consumer;environment=Prod_EastUS2_000e;migrationStage=NotStarted}
{"logTime": "0928/032836", "correlationVector":"kIyBjHYnvcdktEXx/3tQbZ","action":"Normal GetUpdate request", "result":"", "context":cV=kIyBjHYnvcdktEXx/3tQbZ
Refresh requested types: Bookmarks, Passwords, Autofill Profiles, Autofill, Autofill Custom Data, Typed URLs, Edge Wallet, Encryption Keys}
{"logTime": "0928/032836", "correlationVector":"kIyBjHYnvcdktEXx/3tQbZ.1","action":"SyncServerConnectionManagerRequest", "result":"SYNC_SERVER_OK", "context":{"environment":"Prod_EastUS2_000e", "migrationStage":"NotStarted", "server":"GENERAL0100000H"}}
{"logTime": "0928/032836", "correlationVector":"kIyBjHYnvcdktEXx/3tQbZ.2","action":"GetUpdates Response", "result":"SYNCER_OK", "context":Received 0 update(s). cV=kIyBjHYnvcdktEXx/3tQbZ.0;server=GENERAL0100000H;cloudType=Consumer;environment=Prod_EastUS2_000e;migrationStage=NotStarted}
{"logTime": "0928/033018", "correlationVector":"+1/cPtGNq3c/cUOJkZmrDj.0","action":"FeedSettingFetch_homeCloud", "result":"0", "context":{}}
{"logTime": "0928/033018", "correlationVector":"AsTed4hCAjz8cACuani0gS.1","action":"SyncServerConnectionManagerRequest", "result":"SYNC_SERVER_OK", "context":{"environment":"Prod_EastUS2_000e", "migrationStage":"NotStarted", "server":"GENERAL0100001M"}}
{"logTime": "0928/033018", "correlationVector":"AsTed4hCAjz8cACuani0gS","action":"Initial GetUpdates", "result":"", "context":Reason: NEW_CLIENT. cV=AsTed4hCAjz8cACuani0gS}
{"logTime": "0928/033018", "correlationVector":"AsTed4hCAjz8cACuani0gS.2","action":"GetUpdates Response", "result":"SYNCER_OK", "context":Received 1 update(s). cV=AsTed4hCAjz8cACuani0gS.0;server=GENERAL0100001M;cloudType=Consumer;environment=Prod_EastUS2_000e;migrationStage=NotStarted}
{"logTime": "0928/033018", "correlationVector":"whJh2NqHfNjbzSMLSI7HwV","action":"Initial GetUpdates", "result":"", "context":Reason: PROGRAMMATIC. cV=whJh2NqHfNjbzSMLSI7HwV}
{"logTime": "0928/033018", "correlationVector":"whJh2NqHfNjbzSMLSI7HwV.1","action":"SyncServerConnectionManagerRequest", "result":"SYNC_SERVER_OK", "context":{"environment":"Prod_EastUS2_000e", "migrationStage":"NotStarted", "server":"GENERAL0100003C"}}
{"logTime": "0928/033018", "correlationVector":"whJh2NqHfNjbzSMLSI7HwV.2","action":"GetUpdates Response", "result":"SYNCER_OK", "context":Received 30 update(s). cV=whJh2NqHfNjbzSMLSI7HwV.0;server=GENERAL0100003C;cloudType=Consumer;environment=Prod_EastUS2_000e;migrationStage=NotStarted}
{"logTime": "0928/033018", "correlationVector":"TWtciWI4UUGqrMKQxlfeUi","action":"Normal GetUpdate request", "result":"", "context":cV=TWtciWI4UUGqrMKQxlfeUi
Refresh requested types: Bookmarks, Passwords, Autofill Profiles, Autofill, Autofill Custom Data, Typed URLs, Edge Wallet, Encryption Keys}
{"logTime": "0928/033018", "correlationVector":"TWtciWI4UUGqrMKQxlfeUi.1","action":"SyncServerConnectionManagerRequest", "result":"SYNC_SERVER_OK", "context":{"environment":"Prod_EastUS2_000e", "migrationStage":"NotStarted", "server":"GENERAL01000020"}}
{"logTime": "0928/033018", "correlationVector":"TWtciWI4UUGqrMKQxlfeUi.2","action":"GetUpdates Response", "result":"SYNCER_OK", "context":Received 0 update(s). cV=TWtciWI4UUGqrMKQxlfeUi.0;server=GENERAL01000020;cloudType=Consumer;environment=Prod_EastUS2_000e;migrationStage=NotStarted}
{"logTime": "0928/033356", "correlationVector":"7ywLoS6U8TEzmRs5Gec9xK.0","action":"FeedSettingFetch_homeCloud", "result":"0", "context":{}}
{"logTime": "0928/033356", "correlationVector":"8N1FF256qhLKIq3dXebTE1.1","action":"SyncServerConnectionManagerRequest", "result":"SYNC_SERVER_OK", "context":{"environment":"Prod_EastUS2_000e", "migrationStage":"NotStarted", "server":"GENERAL01000020"}}
{"logTime": "0928/033356", "correlationVector":"8N1FF256qhLKIq3dXebTE1","action":"Initial GetUpdates", "result":"", "context":Reason: NEW_CLIENT. cV=8N1FF256qhLKIq3dXebTE1}
{"logTime": "0928/033356", "correlationVector":"8N1FF256qhLKIq3dXebTE1.2","action":"GetUpdates Response", "result":"SYNCER_OK", "context":Received 1 update(s). cV=8N1FF256qhLKIq3dXebTE1.0;server=GENERAL01000020;cloudType=Consumer;environment=Prod_EastUS2_000e;migrationStage=NotStarted}
{"logTime": "0928/033356", "correlationVector":"AhqQfTr5AR3bFW0Nty4E8n","action":"Initial GetUpdates", "result":"", "context":Reason: PROGRAMMATIC. cV=AhqQfTr5AR3bFW0Nty4E8n}
{"logTime": "0928/033356", "correlationVector":"AhqQfTr5AR3bFW0Nty4E8n.1","action":"SyncServerConnectionManagerRequest", "result":"SYNC_SERVER_OK", "context":{"environment":"Prod_EastUS2_000e", "migrationStage":"NotStarted", "server":"GENERAL0100002V"}}
{"logTime": "0928/033357", "correlationVector":"AhqQfTr5AR3bFW0Nty4E8n.2","action":"GetUpdates Response", "result":"SYNCER_OK", "context":Received 30 update(s). cV=AhqQfTr5AR3bFW0Nty4E8n.0;server=GENERAL0100002V;cloudType=Consumer;environment=Prod_EastUS2_000e;migrationStage=NotStarted}
{"logTime": "0928/033357", "correlationVector":"Y1yUmrf18aWn8UDl3lMTjv","action":"Normal GetUpdate request", "result":"", "context":cV=Y1yUmrf18aWn8UDl3lMTjv
Refresh requested types: Bookmarks, Passwords, Autofill Profiles, Autofill, Autofill Custom Data, Typed URLs, Edge Wallet, Encryption Keys}
{"logTime": "0928/033357", "correlationVector":"Y1yUmrf18aWn8UDl3lMTjv.1","action":"SyncServerConnectionManagerRequest", "result":"SYNC_SERVER_OK", "context":{"environment":"Prod_EastUS2_000e", "migrationStage":"NotStarted", "server":"GENERAL0100001D"}}
{"logTime": "0928/033357", "correlationVector":"Y1yUmrf18aWn8UDl3lMTjv.2","action":"GetUpdates Response", "result":"SYNCER_OK", "context":Received 0 update(s). cV=Y1yUmrf18aWn8UDl3lMTjv.0;server=GENERAL0100001D;cloudType=Consumer;environment=Prod_EastUS2_000e;migrationStage=NotStarted}
{"logTime": "0928/034928", "correlationVector":"z21JlZ65Y1s8ca6z7f5kEQ.0","action":"FeedSettingFetch_homeCloud", "result":"0", "context":{}}
{"logTime": "0928/034928", "correlationVector":"2x+0NXe0LBxv4rWGsDauJc.1","action":"SyncServerConnectionManagerRequest", "result":"SYNC_SERVER_OK", "context":{"environment":"Prod_EastUS2_000e", "migrationStage":"NotStarted", "server":"GENERAL0100001P"}}
{"logTime": "0928/034928", "correlationVector":"2x+0NXe0LBxv4rWGsDauJc","action":"Initial GetUpdates", "result":"", "context":Reason: NEW_CLIENT. cV=2x+0NXe0LBxv4rWGsDauJc}
{"logTime": "0928/034928", "correlationVector":"2x+0NXe0LBxv4rWGsDauJc.2","action":"GetUpdates Response", "result":"SYNCER_OK", "context":Received 1 update(s). cV=2x+0NXe0LBxv4rWGsDauJc.0;server=GENERAL0100001P;cloudType=Consumer;environment=Prod_EastUS2_000e;migrationStage=NotStarted}
{"logTime": "0928/034928", "correlationVector":"yUjNUkBOpREaMWYQ9S/oll","action":"Initial GetUpdates", "result":"", "context":Reason: PROGRAMMATIC. cV=yUjNUkBOpREaMWYQ9S/oll}
{"logTime": "0928/034928", "correlationVector":"yUjNUkBOpREaMWYQ9S/oll.1","action":"SyncServerConnectionManagerRequest", "result":"SYNC_SERVER_OK", "context":{"environment":"Prod_EastUS2_000e", "migrationStage":"NotStarted", "server":"GENERAL0100002D"}}
{"logTime": "0928/034928", "correlationVector":"yUjNUkBOpREaMWYQ9S/oll.2","action":"GetUpdates Response", "result":"SYNCER_OK", "context":Received 30 update(s). cV=yUjNUkBOpREaMWYQ9S/oll.0;server=GENERAL0100002D;cloudType=Consumer;environment=Prod_EastUS2_000e;migrationStage=NotStarted}
{"logTime": "0928/034928", "correlationVector":"Wurh69ACfvCwcLqgQ1kokE","action":"Normal GetUpdate request", "result":"", "context":cV=Wurh69ACfvCwcLqgQ1kokE
Refresh requested types: Bookmarks, Passwords, Autofill Profiles, Autofill, Autofill Custom Data, Typed URLs, Edge Wallet, Encryption Keys}
{"logTime": "0928/034928", "correlationVector":"Wurh69ACfvCwcLqgQ1kokE.1","action":"SyncServerConnectionManagerRequest", "result":"SYNC_SERVER_OK", "context":{"environment":"Prod_EastUS2_000e", "migrationStage":"NotStarted", "server":"GENERAL0100001E"}}
{"logTime": "0928/034928", "correlationVector":"Wurh69ACfvCwcLqgQ1kokE.2","action":"GetUpdates Response", "result":"SYNCER_OK", "context":Received 0 update(s). cV=Wurh69ACfvCwcLqgQ1kokE.0;server=GENERAL0100001E;cloudType=Consumer;environment=Prod_EastUS2_000e;migrationStage=NotStarted}
{"logTime": "0928/035829", "correlationVector":"xRUeIG0xdRyW8oD+7u2+kX.0","action":"FeedSettingFetch_homeCloud", "result":"0", "context":{}}
{"logTime": "0928/035829", "correlationVector":"76mJ2DFkTxHLbNdz3X4WfK.1","action":"SyncServerConnectionManagerRequest", "result":"SYNC_SERVER_OK", "context":{"environment":"Prod_EastUS2_000e", "migrationStage":"NotStarted", "server":"GENERAL0100002S"}}
{"logTime": "0928/035829", "correlationVector":"76mJ2DFkTxHLbNdz3X4WfK","action":"Initial GetUpdates", "result":"", "context":Reason: NEW_CLIENT. cV=76mJ2DFkTxHLbNdz3X4WfK}
{"logTime": "0928/035829", "correlationVector":"76mJ2DFkTxHLbNdz3X4WfK.2","action":"GetUpdates Response", "result":"SYNCER_OK", "context":Received 1 update(s). cV=76mJ2DFkTxHLbNdz3X4WfK.0;server=GENERAL0100002S;cloudType=Consumer;environment=Prod_EastUS2_000e;migrationStage=NotStarted}
{"logTime": "0928/035829", "correlationVector":"Jo2UhhE+qyvuMAO2KTavc4","action":"Initial GetUpdates", "result":"", "context":Reason: PROGRAMMATIC. cV=Jo2UhhE+qyvuMAO2KTavc4}
{"logTime": "0928/035829", "correlationVector":"Jo2UhhE+qyvuMAO2KTavc4.1","action":"SyncServerConnectionManagerRequest", "result":"SYNC_SERVER_OK", "context":{"environment":"Prod_EastUS2_000e", "migrationStage":"NotStarted", "server":"GENERAL0100002G"}}
{"logTime": "0928/035829", "correlationVector":"Jo2UhhE+qyvuMAO2KTavc4.2","action":"GetUpdates Response", "result":"SYNCER_OK", "context":Received 30 update(s). cV=Jo2UhhE+qyvuMAO2KTavc4.0;server=GENERAL0100002G;cloudType=Consumer;environment=Prod_EastUS2_000e;migrationStage=NotStarted}
{"logTime": "0928/035829", "correlationVector":"R4YduQrZRrpdDRTmh56Os2","action":"Normal GetUpdate request", "result":"", "context":cV=R4YduQrZRrpdDRTmh56Os2
Refresh requested types: Bookmarks, Passwords, Autofill Profiles, Autofill, Autofill Custom Data, Typed URLs, Edge Wallet, Encryption Keys}
{"logTime": "0928/035829", "correlationVector":"R4YduQrZRrpdDRTmh56Os2.1","action":"SyncServerConnectionManagerRequest", "result":"SYNC_SERVER_OK", "context":{"environment":"Prod_EastUS2_000e", "migrationStage":"NotStarted", "server":"GENERAL01000023"}}
{"logTime": "0928/035829", "correlationVector":"R4YduQrZRrpdDRTmh56Os2.2","action":"GetUpdates Response", "result":"SYNCER_OK", "context":Received 0 update(s). cV=R4YduQrZRrpdDRTmh56Os2.0;server=GENERAL01000023;cloudType=Consumer;environment=Prod_EastUS2_000e;migrationStage=NotStarted}
{"logTime": "0928/040152", "correlationVector":"dnW6nPvdVl+1uAdnjpdLrX.1","action":"SyncServerConnectionManagerRequest", "result":"SYNC_SERVER_OK", "context":{"environment":"Prod_EastUS2_000e", "migrationStage":"NotStarted", "server":"GENERAL0100001G"}}
{"logTime": "0928/040152", "correlationVector":"dnW6nPvdVl+1uAdnjpdLrX","action":"Initial GetUpdates", "result":"", "context":Reason: NEW_CLIENT. cV=dnW6nPvdVl+1uAdnjpdLrX}
{"logTime": "0928/040152", "correlationVector":"dnW6nPvdVl+1uAdnjpdLrX.2","action":"GetUpdates Response", "result":"SYNCER_OK", "context":Received 1 update(s). cV=dnW6nPvdVl+1uAdnjpdLrX.0;server=GENERAL0100001G;cloudType=Consumer;environment=Prod_EastUS2_000e;migrationStage=NotStarted}
{"logTime": "0928/040152", "correlationVector":"bP+pCqr88pJlZLl2kG8Fu7","action":"Initial GetUpdates", "result":"", "context":Reason: PROGRAMMATIC. cV=bP+pCqr88pJlZLl2kG8Fu7}
{"logTime": "0928/040152", "correlationVector":"OY3Di6UZCaQedpGN/NSpD+.0","action":"FeedSettingFetch_homeCloud", "result":"0", "context":{}}
{"logTime": "0928/040152", "correlationVector":"bP+pCqr88pJlZLl2kG8Fu7.1","action":"SyncServerConnectionManagerRequest", "result":"SYNC_SERVER_OK", "context":{"environment":"Prod_EastUS2_000e", "migrationStage":"NotStarted", "server":"GENERAL0100002Q"}}
{"logTime": "0928/040152", "correlationVector":"bP+pCqr88pJlZLl2kG8Fu7.2","action":"GetUpdates Response", "result":"SYNCER_OK", "context":Received 30 update(s). cV=bP+pCqr88pJlZLl2kG8Fu7.0;server=GENERAL0100002Q;cloudType=Consumer;environment=Prod_EastUS2_000e;migrationStage=NotStarted}
{"logTime": "0928/040152", "correlationVector":"T7NDUWxGsMYQEueN6lFzBf","action":"Normal GetUpdate request", "result":"", "context":cV=T7NDUWxGsMYQEueN6lFzBf
Refresh requested types: Bookmarks, Passwords, Autofill Profiles, Autofill, Autofill Custom Data, Typed URLs, Edge Wallet, Encryption Keys}
{"logTime": "0928/040153", "correlationVector":"T7NDUWxGsMYQEueN6lFzBf.1","action":"SyncServerConnectionManagerRequest", "result":"SYNC_SERVER_OK", "context":{"environment":"Prod_EastUS2_000e", "migrationStage":"NotStarted", "server":"GENERAL0100000F"}}
{"logTime": "0928/040153", "correlationVector":"T7NDUWxGsMYQEueN6lFzBf.2","action":"GetUpdates Response", "result":"SYNCER_OK", "context":Received 0 update(s). cV=T7NDUWxGsMYQEueN6lFzBf.0;server=GENERAL0100000F;cloudType=Consumer;environment=Prod_EastUS2_000e;migrationStage=NotStarted}
{"logTime": "0928/041153", "correlationVector":"TToD7cLFlxhI5U08dYnTNY.0","action":"FeedSettingFetch_homeCloud", "result":"0", "context":{}}
{"logTime": "0928/041153", "correlationVector":"g1HOz4PTgqUwmtkOhzD0Sy.1","action":"SyncServerConnectionManagerRequest", "result":"SYNC_SERVER_OK", "context":{"environment":"Prod_EastUS_000w", "migrationStage":"NotStarted", "server":"GENERAL0100000D"}}
{"logTime": "0928/041153", "correlationVector":"g1HOz4PTgqUwmtkOhzD0Sy","action":"Initial GetUpdates", "result":"", "context":Reason: NEW_CLIENT. cV=g1HOz4PTgqUwmtkOhzD0Sy}
{"logTime": "0928/041153", "correlationVector":"g1HOz4PTgqUwmtkOhzD0Sy.2","action":"GetUpdates Response", "result":"SYNCER_OK", "context":Received 1 update(s). cV=g1HOz4PTgqUwmtkOhzD0Sy.0;server=GENERAL0100000D;cloudType=Consumer;environment=Prod_EastUS_000w;migrationStage=NotStarted}
{"logTime": "0928/041153", "correlationVector":"MZU3LpDodRHXVZMkG6YCBk","action":"Initial GetUpdates", "result":"", "context":Reason: PROGRAMMATIC. cV=MZU3LpDodRHXVZMkG6YCBk}
{"logTime": "0928/041153", "correlationVector":"MZU3LpDodRHXVZMkG6YCBk.1","action":"SyncServerConnectionManagerRequest", "result":"SYNC_SERVER_OK", "context":{"environment":"Prod_EastUS_000w", "migrationStage":"NotStarted", "server":"GENERAL0100000O"}}
{"logTime": "0928/041153", "correlationVector":"MZU3LpDodRHXVZMkG6YCBk.2","action":"GetUpdates Response", "result":"SYNCER_OK", "context":Received 30 update(s). cV=MZU3LpDodRHXVZMkG6YCBk.0;server=GENERAL0100000O;cloudType=Consumer;environment=Prod_EastUS_000w;migrationStage=NotStarted}
{"logTime": "0928/041153", "correlationVector":"ORvp9SatJti0Q+/9Seim/K","action":"Normal GetUpdate request", "result":"", "context":cV=ORvp9SatJti0Q+/9Seim/K
Refresh requested types: Bookmarks, Passwords, Autofill Profiles, Autofill, Autofill Custom Data, Typed URLs, Edge Wallet, Encryption Keys}
{"logTime": "0928/041153", "correlationVector":"ORvp9SatJti0Q+/9Seim/K.1","action":"SyncServerConnectionManagerRequest", "result":"SYNC_SERVER_OK", "context":{"environment":"Prod_EastUS_000w", "migrationStage":"NotStarted", "server":"GENERAL0100000P"}}
{"logTime": "0928/041153", "correlationVector":"ORvp9SatJti0Q+/9Seim/K.2","action":"GetUpdates Response", "result":"SYNCER_OK", "context":Received 0 update(s). cV=ORvp9SatJti0Q+/9Seim/K.0;server=GENERAL0100000P;cloudType=Consumer;environment=Prod_EastUS_000w;migrationStage=NotStarted}
{"logTime": "0928/042735", "correlationVector":"5+2sm9fHlP9jJDv8FzZ3UR.0","action":"FeedSettingFetch_homeCloud", "result":"0", "context":{}}
{"logTime": "0928/042735", "correlationVector":"oJoveWgMVn2om6YKHFZ806.1","action":"SyncServerConnectionManagerRequest", "result":"SYNC_SERVER_OK", "context":{"environment":"Prod_EastUS_000w", "migrationStage":"NotStarted", "server":"GENERAL01000002"}}
{"logTime": "0928/042735", "correlationVector":"oJoveWgMVn2om6YKHFZ806","action":"Initial GetUpdates", "result":"", "context":Reason: NEW_CLIENT. cV=oJoveWgMVn2om6YKHFZ806}
{"logTime": "0928/042735", "correlationVector":"oJoveWgMVn2om6YKHFZ806.2","action":"GetUpdates Response", "result":"SYNCER_OK", "context":Received 1 update(s). cV=oJoveWgMVn2om6YKHFZ806.0;server=GENERAL01000002;cloudType=Consumer;environment=Prod_EastUS_000w;migrationStage=NotStarted}
{"logTime": "0928/042735", "correlationVector":"28Ky5put7iVBIGuAzSp0no","action":"Initial GetUpdates", "result":"", "context":Reason: PROGRAMMATIC. cV=28Ky5put7iVBIGuAzSp0no}
{"logTime": "0928/042735", "correlationVector":"28Ky5put7iVBIGuAzSp0no.1","action":"SyncServerConnectionManagerRequest", "result":"SYNC_SERVER_OK", "context":{"environment":"Prod_EastUS_000w", "migrationStage":"NotStarted", "server":"GENERAL01000005"}}
{"logTime": "0928/042735", "correlationVector":"28Ky5put7iVBIGuAzSp0no.2","action":"GetUpdates Response", "result":"SYNCER_OK", "context":Received 30 update(s). cV=28Ky5put7iVBIGuAzSp0no.0;server=GENERAL01000005;cloudType=Consumer;environment=Prod_EastUS_000w;migrationStage=NotStarted}
{"logTime": "0928/042735", "correlationVector":"6b9VNv9lmCsGsgOpY3c42m","action":"Normal GetUpdate request", "result":"", "context":cV=6b9VNv9lmCsGsgOpY3c42m
Refresh requested types: Bookmarks, Passwords, Autofill Profiles, Autofill, Autofill Custom Data, Typed URLs, Edge Wallet, Encryption Keys}
{"logTime": "0928/042735", "correlationVector":"6b9VNv9lmCsGsgOpY3c42m.1","action":"SyncServerConnectionManagerRequest", "result":"SYNC_SERVER_OK", "context":{"environment":"Prod_EastUS_000w", "migrationStage":"NotStarted", "server":"GENERAL0100000M"}}
{"logTime": "0928/042735", "correlationVector":"6b9VNv9lmCsGsgOpY3c42m.2","action":"GetUpdates Response", "result":"SYNCER_OK", "context":Received 0 update(s). cV=6b9VNv9lmCsGsgOpY3c42m.0;server=GENERAL0100000M;cloudType=Consumer;environment=Prod_EastUS_000w;migrationStage=NotStarted}
{"logTime": "0928/045440", "correlationVector":"r62DDOz5JXu/d44nJYlbT3.0","action":"FeedSettingFetch_homeCloud", "result":"0", "context":{}}
{"logTime": "0928/045440", "correlationVector":"lvMumAFJe+B47arQtV0Cog.1","action":"SyncServerConnectionManagerRequest", "result":"SYNC_SERVER_OK", "context":{"environment":"Prod_EastUS2_000e", "migrationStage":"NotStarted", "server":"GENERAL0100002Z"}}
{"logTime": "0928/045440", "correlationVector":"lvMumAFJe+B47arQtV0Cog","action":"Initial GetUpdates", "result":"", "context":Reason: NEW_CLIENT. cV=lvMumAFJe+B47arQtV0Cog}
{"logTime": "0928/045440", "correlationVector":"lvMumAFJe+B47arQtV0Cog.2","action":"GetUpdates Response", "result":"SYNCER_OK", "context":Received 1 update(s). cV=lvMumAFJe+B47arQtV0Cog.0;server=GENERAL0100002Z;cloudType=Consumer;environment=Prod_EastUS2_000e;migrationStage=NotStarted}
{"logTime": "0928/045440", "correlationVector":"fxEOl4Hdy6ccjull+os81A","action":"Initial GetUpdates", "result":"", "context":Reason: PROGRAMMATIC. cV=fxEOl4Hdy6ccjull+os81A}
{"logTime": "0928/045440", "correlationVector":"fxEOl4Hdy6ccjull+os81A.1","action":"SyncServerConnectionManagerRequest", "result":"SYNC_SERVER_OK", "context":{"environment":"Prod_EastUS2_000e", "migrationStage":"NotStarted", "server":"GENERAL0100002W"}}
{"logTime": "0928/045440", "correlationVector":"fxEOl4Hdy6ccjull+os81A.2","action":"GetUpdates Response", "result":"SYNCER_OK", "context":Received 30 update(s). cV=fxEOl4Hdy6ccjull+os81A.0;server=GENERAL0100002W;cloudType=Consumer;environment=Prod_EastUS2_000e;migrationStage=NotStarted}
{"logTime": "0928/045440", "correlationVector":"NAtYDstUThlDS9ujBygffV","action":"Normal GetUpdate request", "result":"", "context":cV=NAtYDstUThlDS9ujBygffV
Refresh requested types: Bookmarks, Passwords, Autofill Profiles, Autofill, Autofill Custom Data, Typed URLs, Edge Wallet, Encryption Keys}
{"logTime": "0928/045440", "correlationVector":"NAtYDstUThlDS9ujBygffV.1","action":"SyncServerConnectionManagerRequest", "result":"SYNC_SERVER_OK", "context":{"environment":"Prod_EastUS2_000e", "migrationStage":"NotStarted", "server":"GENERAL0100001R"}}
{"logTime": "0928/045440", "correlationVector":"NAtYDstUThlDS9ujBygffV.2","action":"GetUpdates Response", "result":"SYNCER_OK", "context":Received 0 update(s). cV=NAtYDstUThlDS9ujBygffV.0;server=GENERAL0100001R;cloudType=Consumer;environment=Prod_EastUS2_000e;migrationStage=NotStarted}
{"logTime": "0928/190308", "correlationVector":"ADyTXs1I3UYrGuQU+mgKJP.0","action":"FeedSettingFetch_homeCloud", "result":"0", "context":{}}
{"logTime": "0928/190308", "correlationVector":"JJPHKL9KgWIMWzravMAgCO.1","action":"SyncServerConnectionManagerRequest", "result":"SYNC_SERVER_OK", "context":{"environment":"Prod_EastUS2_000e", "migrationStage":"NotStarted", "server":"GENERAL0100002B"}}
{"logTime": "0928/190308", "correlationVector":"JJPHKL9KgWIMWzravMAgCO","action":"Initial GetUpdates", "result":"", "context":Reason: NEW_CLIENT. cV=JJPHKL9KgWIMWzravMAgCO}
{"logTime": "0928/190308", "correlationVector":"JJPHKL9KgWIMWzravMAgCO.2","action":"GetUpdates Response", "result":"SYNCER_OK", "context":Received 1 update(s). cV=JJPHKL9KgWIMWzravMAgCO.0;server=GENERAL0100002B;cloudType=Consumer;environment=Prod_EastUS2_000e;migrationStage=NotStarted}
{"logTime": "0928/190308", "correlationVector":"AUOfqYyuPQ49itaqsBQ9kX","action":"Initial GetUpdates", "result":"", "context":Reason: PROGRAMMATIC. cV=AUOfqYyuPQ49itaqsBQ9kX}
{"logTime": "0928/190308", "correlationVector":"AUOfqYyuPQ49itaqsBQ9kX.1","action":"SyncServerConnectionManagerRequest", "result":"SYNC_SERVER_OK", "context":{"environment":"Prod_EastUS2_000e", "migrationStage":"NotStarted", "server":"GENERAL0100003C"}}
{"logTime": "0928/190308", "correlationVector":"AUOfqYyuPQ49itaqsBQ9kX.2","action":"GetUpdates Response", "result":"SYNCER_OK", "context":Received 30 update(s). cV=AUOfqYyuPQ49itaqsBQ9kX.0;server=GENERAL0100003C;cloudType=Consumer;environment=Prod_EastUS2_000e;migrationStage=NotStarted}
{"logTime": "0928/190308", "correlationVector":"Im4LadWnWcRjg5XbLLmxSc","action":"Normal GetUpdate request", "result":"", "context":cV=Im4LadWnWcRjg5XbLLmxSc
Refresh requested types: Bookmarks, Passwords, Autofill Profiles, Autofill, Autofill Custom Data, Typed URLs, Edge Wallet, Encryption Keys}
{"logTime": "0928/190308", "correlationVector":"Im4LadWnWcRjg5XbLLmxSc.1","action":"SyncServerConnectionManagerRequest", "result":"SYNC_SERVER_OK", "context":{"environment":"Prod_EastUS2_000e", "migrationStage":"NotStarted", "server":"GENERAL0100002Q"}}
{"logTime": "0928/190308", "correlationVector":"Im4LadWnWcRjg5XbLLmxSc.2","action":"GetUpdates Response", "result":"SYNCER_OK", "context":Received 1 update(s). cV=Im4LadWnWcRjg5XbLLmxSc.0;server=GENERAL0100002Q;cloudType=Consumer;environment=Prod_EastUS2_000e;migrationStage=NotStarted}
{"logTime": "0928/190308", "correlationVector":"omP136EjFYd9ioQJvB52oE","action":"Poll GetUpdate request", "result":"", "context":cV=omP136EjFYd9ioQJvB52oE}
{"logTime": "0928/190308", "correlationVector":"omP136EjFYd9ioQJvB52oE.1","action":"SyncServerConnectionManagerRequest", "result":"SYNC_SERVER_OK", "context":{"environment":"Prod_EastUS2_000e", "migrationStage":"NotStarted", "server":"GENERAL0100000R"}}
{"logTime": "0928/190308", "correlationVector":"omP136EjFYd9ioQJvB52oE.2","action":"GetUpdates Response", "result":"SYNCER_OK", "context":Received 0 update(s). cV=omP136EjFYd9ioQJvB52oE.0;server=GENERAL0100000R;cloudType=Consumer;environment=Prod_EastUS2_000e;migrationStage=NotStarted}
{"logTime": "0928/192415", "correlationVector":"W2QqvH8hg5k4O5DLLY1xFD.0","action":"FeedSettingFetch_homeCloud", "result":"0", "context":{}}
{"logTime": "0928/192415", "correlationVector":"ER82JDvrdM4fd0I3Ir+vRU.1","action":"SyncServerConnectionManagerRequest", "result":"SYNC_SERVER_OK", "context":{"environment":"Prod_EastUS2_000e", "migrationStage":"NotStarted", "server":"GENERAL0100002N"}}
{"logTime": "0928/192415", "correlationVector":"ER82JDvrdM4fd0I3Ir+vRU","action":"Initial GetUpdates", "result":"", "context":Reason: NEW_CLIENT. cV=ER82JDvrdM4fd0I3Ir+vRU}
{"logTime": "0928/192415", "correlationVector":"ER82JDvrdM4fd0I3Ir+vRU.2","action":"GetUpdates Response", "result":"SYNCER_OK", "context":Received 1 update(s). cV=ER82JDvrdM4fd0I3Ir+vRU.0;server=GENERAL0100002N;cloudType=Consumer;environment=Prod_EastUS2_000e;migrationStage=NotStarted}
{"logTime": "0928/192415", "correlationVector":"Yjcxz5f14+kCJHyAI1Dvt8","action":"Initial GetUpdates", "result":"", "context":Reason: PROGRAMMATIC. cV=Yjcxz5f14+kCJHyAI1Dvt8}
{"logTime": "0928/192415", "correlationVector":"Yjcxz5f14+kCJHyAI1Dvt8.1","action":"SyncServerConnectionManagerRequest", "result":"SYNC_SERVER_OK", "context":{"environment":"Prod_EastUS2_000e", "migrationStage":"NotStarted", "server":"GENERAL0100001L"}}
{"logTime": "0928/192415", "correlationVector":"Yjcxz5f14+kCJHyAI1Dvt8.2","action":"GetUpdates Response", "result":"SYNCER_OK", "context":Received 30 update(s). cV=Yjcxz5f14+kCJHyAI1Dvt8.0;server=GENERAL0100001L;cloudType=Consumer;environment=Prod_EastUS2_000e;migrationStage=NotStarted}
{"logTime": "0928/192416", "correlationVector":"VeQOrKROFy6Basvx319w67","action":"Normal GetUpdate request", "result":"", "context":cV=VeQOrKROFy6Basvx319w67
Refresh requested types: Bookmarks, Passwords, Autofill Profiles, Autofill, Autofill Custom Data, Typed URLs, Edge Wallet, Encryption Keys}
{"logTime": "0928/192416", "correlationVector":"VeQOrKROFy6Basvx319w67.1","action":"SyncServerConnectionManagerRequest", "result":"SYNC_SERVER_OK", "context":{"environment":"Prod_EastUS2_000e", "migrationStage":"NotStarted", "server":"GENERAL0100002F"}}
{"logTime": "0928/192416", "correlationVector":"VeQOrKROFy6Basvx319w67.2","action":"GetUpdates Response", "result":"SYNCER_OK", "context":Received 1 update(s). cV=VeQOrKROFy6Basvx319w67.0;server=GENERAL0100002F;cloudType=Consumer;environment=Prod_EastUS2_000e;migrationStage=NotStarted}
{"logTime": "0928/205202", "correlationVector":"nMBSNKQnwYqDfTGPYc002G.0","action":"FeedSettingFetch_homeCloud", "result":"0", "context":{}}
{"logTime": "0928/205202", "correlationVector":"PvMHRK6kdBTvNo/zOaiVh3.1","action":"SyncServerConnectionManagerRequest", "result":"SYNC_SERVER_OK", "context":{"environment":"Prod_EastUS2_000e", "migrationStage":"NotStarted", "server":"GENERAL0100002O"}}
{"logTime": "0928/205202", "correlationVector":"PvMHRK6kdBTvNo/zOaiVh3","action":"Initial GetUpdates", "result":"", "context":Reason: NEW_CLIENT. cV=PvMHRK6kdBTvNo/zOaiVh3}
{"logTime": "0928/205202", "correlationVector":"PvMHRK6kdBTvNo/zOaiVh3.2","action":"GetUpdates Response", "result":"SYNCER_OK", "context":Received 1 update(s). cV=PvMHRK6kdBTvNo/zOaiVh3.0;server=GENERAL0100002O;cloudType=Consumer;environment=Prod_EastUS2_000e;migrationStage=NotStarted}
{"logTime": "0928/205202", "correlationVector":"otICNW9Qu1tomyJ4UkKWaC","action":"Initial GetUpdates", "result":"", "context":Reason: PROGRAMMATIC. cV=otICNW9Qu1tomyJ4UkKWaC}
{"logTime": "0928/205202", "correlationVector":"otICNW9Qu1tomyJ4UkKWaC.1","action":"SyncServerConnectionManagerRequest", "result":"SYNC_SERVER_OK", "context":{"environment":"Prod_EastUS2_000e", "migrationStage":"NotStarted", "server":"GENERAL0100000K"}}
{"logTime": "0928/205202", "correlationVector":"otICNW9Qu1tomyJ4UkKWaC.2","action":"GetUpdates Response", "result":"SYNCER_OK", "context":Received 30 update(s). cV=otICNW9Qu1tomyJ4UkKWaC.0;server=GENERAL0100000K;cloudType=Consumer;environment=Prod_EastUS2_000e;migrationStage=NotStarted}
{"logTime": "0928/205202", "correlationVector":"nHpxS/4ZLuTtEXPwqqsjpY","action":"Normal GetUpdate request", "result":"", "context":cV=nHpxS/4ZLuTtEXPwqqsjpY
Refresh requested types: Bookmarks, Passwords, Autofill Profiles, Autofill, Autofill Custom Data, Typed URLs, Edge Wallet, Encryption Keys}
{"logTime": "0928/205202", "correlationVector":"nHpxS/4ZLuTtEXPwqqsjpY.1","action":"SyncServerConnectionManagerRequest", "result":"SYNC_SERVER_OK", "context":{"environment":"Prod_EastUS2_000e", "migrationStage":"NotStarted", "server":"GENERAL01000031"}}
{"logTime": "0928/205202", "correlationVector":"nHpxS/4ZLuTtEXPwqqsjpY.2","action":"GetUpdates Response", "result":"SYNCER_OK", "context":Received 1 update(s). cV=nHpxS/4ZLuTtEXPwqqsjpY.0;server=GENERAL01000031;cloudType=Consumer;environment=Prod_EastUS2_000e;migrationStage=NotStarted}
{"logTime": "0928/210049", "correlationVector":"ySuJIQ7qSASrhlNrSqIVx7.0","action":"FeedSettingFetch_homeCloud", "result":"0", "context":{}}
{"logTime": "0928/210049", "correlationVector":"E49QJ2IXwOXjJXwmq9bgOO.1","action":"SyncServerConnectionManagerRequest", "result":"SYNC_SERVER_OK", "context":{"environment":"Prod_SouthCentralUS_000i", "migrationStage":"NotStarted", "server":"GENERAL0100000S"}}
{"logTime": "0928/210049", "correlationVector":"E49QJ2IXwOXjJXwmq9bgOO","action":"Initial GetUpdates", "result":"", "context":Reason: NEW_CLIENT. cV=E49QJ2IXwOXjJXwmq9bgOO}
{"logTime": "0928/210049", "correlationVector":"E49QJ2IXwOXjJXwmq9bgOO.2","action":"GetUpdates Response", "result":"SYNCER_OK", "context":Received 1 update(s). cV=E49QJ2IXwOXjJXwmq9bgOO.0;server=GENERAL0100000S;cloudType=Consumer;environment=Prod_SouthCentralUS_000i;migrationStage=NotStarted}
{"logTime": "0928/210049", "correlationVector":"p3TkxvPgWaNY7LmfoQhvm2","action":"Initial GetUpdates", "result":"", "context":Reason: PROGRAMMATIC. cV=p3TkxvPgWaNY7LmfoQhvm2}
{"logTime": "0928/210049", "correlationVector":"p3TkxvPgWaNY7LmfoQhvm2.1","action":"SyncServerConnectionManagerRequest", "result":"SYNC_SERVER_OK", "context":{"environment":"Prod_SouthCentralUS_000i", "migrationStage":"NotStarted", "server":"GENERAL0100000V"}}
{"logTime": "0928/210049", "correlationVector":"p3TkxvPgWaNY7LmfoQhvm2.2","action":"GetUpdates Response", "result":"SYNCER_OK", "context":Received 30 update(s). cV=p3TkxvPgWaNY7LmfoQhvm2.0;server=GENERAL0100000V;cloudType=Consumer;environment=Prod_SouthCentralUS_000i;migrationStage=NotStarted}
{"logTime": "0928/210049", "correlationVector":"nz3SQTCWrZ03jxXz68F+AF","action":"Normal GetUpdate request", "result":"", "context":cV=nz3SQTCWrZ03jxXz68F+AF
Refresh requested types: Bookmarks, Passwords, Autofill Profiles, Autofill, Autofill Custom Data, Typed URLs, Edge Wallet, Encryption Keys}
{"logTime": "0928/210049", "correlationVector":"nz3SQTCWrZ03jxXz68F+AF.1","action":"SyncServerConnectionManagerRequest", "result":"SYNC_SERVER_OK", "context":{"environment":"Prod_SouthCentralUS_000i", "migrationStage":"NotStarted", "server":"GENERAL0100000Y"}}
{"logTime": "0928/210050", "correlationVector":"nz3SQTCWrZ03jxXz68F+AF.2","action":"GetUpdates Response", "result":"SYNCER_OK", "context":Received 1 update(s). cV=nz3SQTCWrZ03jxXz68F+AF.0;server=GENERAL0100000Y;cloudType=Consumer;environment=Prod_SouthCentralUS_000i;migrationStage=NotStarted}
{"logTime": "0930/181733", "correlationVector":"CE0lmT9U6jwpLrTR/BXCvT.0","action":"FeedSettingFetch_homeCloud", "result":"0", "context":{}}
{"logTime": "0930/181733", "correlationVector":"by0miiTOmcWMqIcGh/UWJH.1","action":"SyncServerConnectionManagerRequest", "result":"SYNC_SERVER_OK", "context":{"environment":"Prod_EastUS2_000e", "migrationStage":"NotStarted", "server":"GENERAL0100001S"}}
{"logTime": "0930/181733", "correlationVector":"by0miiTOmcWMqIcGh/UWJH","action":"Initial GetUpdates", "result":"", "context":Reason: NEW_CLIENT. cV=by0miiTOmcWMqIcGh/UWJH}
{"logTime": "0930/181733", "correlationVector":"by0miiTOmcWMqIcGh/UWJH.2","action":"GetUpdates Response", "result":"SYNCER_OK", "context":Received 1 update(s). cV=by0miiTOmcWMqIcGh/UWJH.0;server=GENERAL0100001S;cloudType=Consumer;environment=Prod_EastUS2_000e;migrationStage=NotStarted}
{"logTime": "0930/181733", "correlationVector":"pyQRW+HFWIkkK9s84wRrld","action":"Initial GetUpdates", "result":"", "context":Reason: PROGRAMMATIC. cV=pyQRW+HFWIkkK9s84wRrld}
{"logTime": "0930/181733", "correlationVector":"pyQRW+HFWIkkK9s84wRrld.1","action":"SyncServerConnectionManagerRequest", "result":"SYNC_SERVER_OK", "context":{"environment":"Prod_EastUS2_000e", "migrationStage":"NotStarted", "server":"GENERAL01000023"}}
{"logTime": "0930/181733", "correlationVector":"pyQRW+HFWIkkK9s84wRrld.2","action":"GetUpdates Response", "result":"SYNCER_OK", "context":Received 30 update(s). cV=pyQRW+HFWIkkK9s84wRrld.0;server=GENERAL01000023;cloudType=Consumer;environment=Prod_EastUS2_000e;migrationStage=NotStarted}
{"logTime": "0930/181733", "correlationVector":"1FFqc6+ilp0WuSs2PLKnUq","action":"Normal GetUpdate request", "result":"", "context":cV=1FFqc6+ilp0WuSs2PLKnUq
Refresh requested types: Bookmarks, Passwords, Autofill Profiles, Autofill, Autofill Custom Data, Typed URLs, Edge Wallet, Encryption Keys}
{"logTime": "0930/181733", "correlationVector":"1FFqc6+ilp0WuSs2PLKnUq.1","action":"SyncServerConnectionManagerRequest", "result":"SYNC_SERVER_OK", "context":{"environment":"Prod_EastUS2_000e", "migrationStage":"NotStarted", "server":"GENERAL0100000D"}}
{"logTime": "0930/181733", "correlationVector":"1FFqc6+ilp0WuSs2PLKnUq.2","action":"GetUpdates Response", "result":"SYNCER_OK", "context":Received 1 update(s). cV=1FFqc6+ilp0WuSs2PLKnUq.0;server=GENERAL0100000D;cloudType=Consumer;environment=Prod_EastUS2_000e;migrationStage=NotStarted}
{"logTime": "0930/181733", "correlationVector":"58tIBIK43bQoF/wYJ5Mi65","action":"Poll GetUpdate request", "result":"", "context":cV=58tIBIK43bQoF/wYJ5Mi65}
{"logTime": "0930/181733", "correlationVector":"58tIBIK43bQoF/wYJ5Mi65.1","action":"SyncServerConnectionManagerRequest", "result":"SYNC_SERVER_OK", "context":{"environment":"Prod_EastUS2_000e", "migrationStage":"NotStarted", "server":"GENERAL0100002W"}}
{"logTime": "0930/181733", "correlationVector":"58tIBIK43bQoF/wYJ5Mi65.2","action":"GetUpdates Response", "result":"SYNCER_OK", "context":Received 0 update(s). cV=58tIBIK43bQoF/wYJ5Mi65.0;server=GENERAL0100002W;cloudType=Consumer;environment=Prod_EastUS2_000e;migrationStage=NotStarted}
{"logTime": "0930/193044", "correlationVector":"asxphZfJyAVf4b3HCmFFVO.0","action":"FeedSettingFetch_homeCloud", "result":"0", "context":{}}
{"logTime": "0930/193044", "correlationVector":"C/DvJxHBPyJtLjl7cz6H12.1","action":"SyncServerConnectionManagerRequest", "result":"SYNC_SERVER_OK", "context":{"environment":"Prod_EastUS2_000e", "migrationStage":"NotStarted", "server":"GENERAL0100002A"}}
{"logTime": "0930/193044", "correlationVector":"C/DvJxHBPyJtLjl7cz6H12","action":"Initial GetUpdates", "result":"", "context":Reason: NEW_CLIENT. cV=C/DvJxHBPyJtLjl7cz6H12}
{"logTime": "0930/193044", "correlationVector":"C/DvJxHBPyJtLjl7cz6H12.2","action":"GetUpdates Response", "result":"SYNCER_OK", "context":Received 1 update(s). cV=C/DvJxHBPyJtLjl7cz6H12.0;server=GENERAL0100002A;cloudType=Consumer;environment=Prod_EastUS2_000e;migrationStage=NotStarted}
{"logTime": "0930/193044", "correlationVector":"2MsuasuzI/gOeoPwlQgLkN","action":"Initial GetUpdates", "result":"", "context":Reason: PROGRAMMATIC. cV=2MsuasuzI/gOeoPwlQgLkN}
{"logTime": "0930/193044", "correlationVector":"2MsuasuzI/gOeoPwlQgLkN.1","action":"SyncServerConnectionManagerRequest", "result":"SYNC_SERVER_OK", "context":{"environment":"Prod_EastUS2_000e", "migrationStage":"NotStarted", "server":"general0100000M"}}
{"logTime": "0930/193044", "correlationVector":"2MsuasuzI/gOeoPwlQgLkN.2","action":"GetUpdates Response", "result":"SYNCER_OK", "context":Received 30 update(s). cV=2MsuasuzI/gOeoPwlQgLkN.0;server=general0100000M;cloudType=Consumer;environment=Prod_EastUS2_000e;migrationStage=NotStarted}
{"logTime": "0930/193044", "correlationVector":"pYt0Ri9ekWgj+B/9HY9XvZ","action":"Normal GetUpdate request", "result":"", "context":cV=pYt0Ri9ekWgj+B/9HY9XvZ
Refresh requested types: Bookmarks, Passwords, Autofill Profiles, Autofill, Autofill Custom Data, Typed URLs, Edge Wallet, Encryption Keys}
{"logTime": "0930/193044", "correlationVector":"pYt0Ri9ekWgj+B/9HY9XvZ.1","action":"SyncServerConnectionManagerRequest", "result":"SYNC_SERVER_OK", "context":{"environment":"Prod_EastUS2_000e", "migrationStage":"NotStarted", "server":"GENERAL0100002D"}}
{"logTime": "0930/193044", "correlationVector":"pYt0Ri9ekWgj+B/9HY9XvZ.2","action":"GetUpdates Response", "result":"SYNCER_OK", "context":Received 1 update(s). cV=pYt0Ri9ekWgj+B/9HY9XvZ.0;server=GENERAL0100002D;cloudType=Consumer;environment=Prod_EastUS2_000e;migrationStage=NotStarted}
{"logTime": "0930/201353", "correlationVector":"VJh5YVHaj6y9PfJ9HefAdR.0","action":"FeedSettingFetch_homeCloud", "result":"0", "context":{}}
{"logTime": "0930/201353", "correlationVector":"TIsENJrcLUtD7DfVhmOx5l.1","action":"SyncServerConnectionManagerRequest", "result":"SYNC_SERVER_OK", "context":{"environment":"Prod_EastUS2_000e", "migrationStage":"NotStarted", "server":"GENERAL0100001P"}}
{"logTime": "0930/201353", "correlationVector":"TIsENJrcLUtD7DfVhmOx5l","action":"Initial GetUpdates", "result":"", "context":Reason: NEW_CLIENT. cV=TIsENJrcLUtD7DfVhmOx5l}
{"logTime": "0930/201353", "correlationVector":"TIsENJrcLUtD7DfVhmOx5l.2","action":"GetUpdates Response", "result":"SYNCER_OK", "context":Received 1 update(s). cV=TIsENJrcLUtD7DfVhmOx5l.0;server=GENERAL0100001P;cloudType=Consumer;environment=Prod_EastUS2_000e;migrationStage=NotStarted}
{"logTime": "0930/201353", "correlationVector":"UmOyJgpqDHfSYlwWfRlv4Z","action":"Initial GetUpdates", "result":"", "context":Reason: PROGRAMMATIC. cV=UmOyJgpqDHfSYlwWfRlv4Z}
{"logTime": "0930/201353", "correlationVector":"UmOyJgpqDHfSYlwWfRlv4Z.1","action":"SyncServerConnectionManagerRequest", "result":"SYNC_SERVER_OK", "context":{"environment":"Prod_EastUS2_000e", "migrationStage":"NotStarted", "server":"GENERAL01000038"}}
{"logTime": "0930/201353", "correlationVector":"UmOyJgpqDHfSYlwWfRlv4Z.2","action":"GetUpdates Response", "result":"SYNCER_OK", "context":Received 30 update(s). cV=UmOyJgpqDHfSYlwWfRlv4Z.0;server=GENERAL01000038;cloudType=Consumer;environment=Prod_EastUS2_000e;migrationStage=NotStarted}
{"logTime": "0930/201353", "correlationVector":"1SECn9zp2PEJ3kPs79Eo2n","action":"SyncServerConnectionManagerRequest", "result":"SYNC_SERVER_OK", "context":{"environment":"", "migrationStage":"", "server":""}}
{"logTime": "0930/201353", "correlationVector":"msH/v1UBrHPVG7vFnR0hhg","action":"Normal GetUpdate request", "result":"", "context":cV=msH/v1UBrHPVG7vFnR0hhg
Refresh requested types: Bookmarks, Passwords, Autofill Profiles, Autofill, Autofill Custom Data, Typed URLs, Edge Wallet, Encryption Keys}
{"logTime": "0930/201353", "correlationVector":"msH/v1UBrHPVG7vFnR0hhg.1","action":"SyncServerConnectionManagerRequest", "result":"SYNC_SERVER_OK", "context":{"environment":"Prod_EastUS2_000e", "migrationStage":"NotStarted", "server":"GENERAL0100002P"}}
{"logTime": "0930/201353", "correlationVector":"msH/v1UBrHPVG7vFnR0hhg.2","action":"GetUpdates Response", "result":"SYNCER_OK", "context":Received 1 update(s). cV=msH/v1UBrHPVG7vFnR0hhg.0;server=GENERAL0100002P;cloudType=Consumer;environment=Prod_EastUS2_000e;migrationStage=NotStarted}
{"logTime": "0930/201353", "correlationVector":"uX2e32Xjd1zi3To092eYv9","action":"Normal GetUpdate request", "result":"", "context":cV=uX2e32Xjd1zi3To092eYv9
Refresh requested types: Bookmarks, Passwords, Autofill Profiles, Autofill, Autofill Custom Data, Typed URLs, Edge Wallet, Encryption Keys}
{"logTime": "0930/201353", "correlationVector":"uX2e32Xjd1zi3To092eYv9.1","action":"SyncServerConnectionManagerRequest", "result":"SYNC_SERVER_OK", "context":{"environment":"Prod_EastUS2_000e", "migrationStage":"NotStarted", "server":"GENERAL01000036"}}
{"logTime": "0930/201353", "correlationVector":"uX2e32Xjd1zi3To092eYv9.2","action":"GetUpdates Response", "result":"SYNCER_OK", "context":Received 0 update(s). cV=uX2e32Xjd1zi3To092eYv9.0;server=GENERAL01000036;cloudType=Consumer;environment=Prod_EastUS2_000e;migrationStage=NotStarted}
